<?xml version="1.0" encoding="UTF-8"?>
<coverage generated="1692265356718" clover="3.2.0">
  <project timestamp="1692265356718" name="All files">
    <metrics statements="20" coveredstatements="20" conditionals="5" coveredconditionals="5" methods="2" coveredmethods="2" elements="27" coveredelements="27" complexity="0" loc="20" ncloc="20" packages="1" files="1" classes="1"/>
    <file name="easy.js" path="/Users/didi/workspace/algorithm-study-fe/src/easy.js">
      <metrics statements="20" coveredstatements="20" conditionals="5" coveredconditionals="5" methods="2" coveredmethods="2"/>
      <line num="1" count="1" type="stmt"/>
      <line num="2" count="3" type="cond" truecount="1" falsecount="0"/>
      <line num="3" count="3" type="cond" truecount="2" falsecount="0"/>
      <line num="4" count="2" type="stmt"/>
      <line num="5" count="3" type="stmt"/>
      <line num="6" count="3" type="stmt"/>
      <line num="7" count="3" type="cond" truecount="1" falsecount="0"/>
      <line num="8" count="2" type="stmt"/>
      <line num="9" count="2" type="stmt"/>
      <line num="10" count="1" type="stmt"/>
      <line num="11" count="1" type="stmt"/>
      <line num="12" count="1" type="cond" truecount="1" falsecount="0"/>
      <line num="13" count="5" type="stmt"/>
      <line num="14" count="5" type="stmt"/>
      <line num="15" count="1" type="stmt"/>
      <line num="16" count="1" type="stmt"/>
      <line num="17" count="1" type="stmt"/>
      <line num="18" count="1" type="stmt"/>
      <line num="19" count="1" type="stmt"/>
      <line num="20" count="1" type="stmt"/>
    </file>
  </project>
</coverage>
