{"/Users/didi/workspace/algorithm-study-fe/src/easy.js": {"path":"/Users/didi/workspace/algorithm-study-fe/src/easy.js","all":false,"statementMap":{"0":{"start":{"line":1,"column":0},"end":{"line":1,"column":38}},"1":{"start":{"line":2,"column":0},"end":{"line":2,"column":27}},"2":{"start":{"line":3,"column":0},"end":{"line":3,"column":35}},"3":{"start":{"line":4,"column":0},"end":{"line":4,"column":18}},"4":{"start":{"line":5,"column":0},"end":{"line":5,"column":25}},"5":{"start":{"line":6,"column":0},"end":{"line":6,"column":37}},"6":{"start":{"line":7,"column":0},"end":{"line":7,"column":3}},"7":{"start":{"line":8,"column":0},"end":{"line":8,"column":16}},"8":{"start":{"line":9,"column":0},"end":{"line":9,"column":1}},"9":{"start":{"line":10,"column":0},"end":{"line":10,"column":0}},"10":{"start":{"line":11,"column":0},"end":{"line":11,"column":53}},"11":{"start":{"line":12,"column":0},"end":{"line":12,"column":43}},"12":{"start":{"line":13,"column":0},"end":{"line":13,"column":37}},"13":{"start":{"line":14,"column":0},"end":{"line":14,"column":2}},"14":{"start":{"line":15,"column":0},"end":{"line":15,"column":0}},"15":{"start":{"line":16,"column":0},"end":{"line":16,"column":0}},"16":{"start":{"line":17,"column":0},"end":{"line":17,"column":18}},"17":{"start":{"line":18,"column":0},"end":{"line":18,"column":8}},"18":{"start":{"line":19,"column":0},"end":{"line":19,"column":18}},"19":{"start":{"line":20,"column":0},"end":{"line":20,"column":2}}},"s":{"0":1,"1":3,"2":3,"3":2,"4":3,"5":3,"6":3,"7":2,"8":2,"9":1,"10":1,"11":1,"12":5,"13":5,"14":1,"15":1,"16":1,"17":1,"18":1,"19":1},"branchMap":{"0":{"type":"branch","line":2,"loc":{"start":{"line":2,"column":0},"end":{"line":9,"column":1}},"locations":[{"start":{"line":2,"column":0},"end":{"line":9,"column":1}}]},"1":{"type":"branch","line":3,"loc":{"start":{"line":3,"column":24},"end":{"line":3,"column":35}},"locations":[{"start":{"line":3,"column":24},"end":{"line":3,"column":35}}]},"2":{"type":"branch","line":3,"loc":{"start":{"line":3,"column":34},"end":{"line":5,"column":24}},"locations":[{"start":{"line":3,"column":34},"end":{"line":5,"column":24}}]},"3":{"type":"branch","line":7,"loc":{"start":{"line":7,"column":2},"end":{"line":9,"column":1}},"locations":[{"start":{"line":7,"column":2},"end":{"line":9,"column":1}}]},"4":{"type":"branch","line":12,"loc":{"start":{"line":12,"column":24},"end":{"line":14,"column":2}},"locations":[{"start":{"line":12,"column":24},"end":{"line":14,"column":2}}]}},"b":{"0":[3],"1":[1],"2":[2],"3":[2],"4":[5]},"fnMap":{"0":{"name":"chunk","decl":{"start":{"line":2,"column":0},"end":{"line":9,"column":1}},"loc":{"start":{"line":2,"column":0},"end":{"line":9,"column":1}},"line":2},"1":{"name":"argumentsLength","decl":{"start":{"line":12,"column":24},"end":{"line":14,"column":2}},"loc":{"start":{"line":12,"column":24},"end":{"line":14,"column":2}},"line":12}},"f":{"0":3,"1":5}}
}
